Classic Timing Analyzer report for PSW
Sun Dec 19 16:36:58 2021
Quartus II Version 9.0 Build 184 04/29/2009 Service Pack 1 SJ Web Edition


---------------------
; Table of Contents ;
---------------------
  1. Legal Notice
  2. Timing Analyzer Summary
  3. Timing Analyzer Settings
  4. Clock Settings Summary
  5. Parallel Compilation
  6. Clock Setup: 'clk'
  7. tsu
  8. tco
  9. th
 10. Timing Analyzer Messages



----------------
; Legal Notice ;
----------------
Copyright (C) 1991-2009 Altera Corporation
Your use of Altera Corporation's design tools, logic functions 
and other software and tools, and its AMPP partner logic 
functions, and any output files from any of the foregoing 
(including device programming or simulation files), and any 
associated documentation or information are expressly subject 
to the terms and conditions of the Altera Program License 
Subscription Agreement, Altera MegaCore Function License 
Agreement, or other applicable license agreement, including, 
without limitation, that your use is for the sole purpose of 
programming logic devices manufactured by Altera and sold by 
Altera or its authorized distributors.  Please refer to the 
applicable agreement for further details.



+----------------------------------------------------------------------------------------------------------------------------------------------------------------+
; Timing Analyzer Summary                                                                                                                                        ;
+------------------------------+-------+---------------+------------------------------------------------+--------+--------+------------+----------+--------------+
; Type                         ; Slack ; Required Time ; Actual Time                                    ; From   ; To     ; From Clock ; To Clock ; Failed Paths ;
+------------------------------+-------+---------------+------------------------------------------------+--------+--------+------------+----------+--------------+
; Worst-case tsu               ; N/A   ; None          ; 4.855 ns                                       ; cf     ; c~reg0 ; --         ; clk      ; 0            ;
; Worst-case tco               ; N/A   ; None          ; 8.188 ns                                       ; z~reg0 ; z      ; clk        ; --       ; 0            ;
; Worst-case th                ; N/A   ; None          ; 0.373 ns                                       ; zf_en  ; z~reg0 ; --         ; clk      ; 0            ;
; Clock Setup: 'clk'           ; N/A   ; None          ; Restricted to 340.02 MHz ( period = 2.941 ns ) ; z~reg0 ; z~reg0 ; clk        ; clk      ; 0            ;
; Total number of failed paths ;       ;               ;                                                ;        ;        ;            ;          ; 0            ;
+------------------------------+-------+---------------+------------------------------------------------+--------+--------+------------+----------+--------------+


+--------------------------------------------------------------------------------------------------------------------+
; Timing Analyzer Settings                                                                                           ;
+---------------------------------------------------------------------+--------------------+------+----+-------------+
; Option                                                              ; Setting            ; From ; To ; Entity Name ;
+---------------------------------------------------------------------+--------------------+------+----+-------------+
; Device Name                                                         ; EP2C5T144C8        ;      ;    ;             ;
; Timing Models                                                       ; Final              ;      ;    ;             ;
; Default hold multicycle                                             ; Same as Multicycle ;      ;    ;             ;
; Cut paths between unrelated clock domains                           ; On                 ;      ;    ;             ;
; Cut off read during write signal paths                              ; On                 ;      ;    ;             ;
; Cut off feedback from I/O pins                                      ; On                 ;      ;    ;             ;
; Report Combined Fast/Slow Timing                                    ; Off                ;      ;    ;             ;
; Ignore Clock Settings                                               ; Off                ;      ;    ;             ;
; Analyze latches as synchronous elements                             ; On                 ;      ;    ;             ;
; Enable Recovery/Removal analysis                                    ; Off                ;      ;    ;             ;
; Enable Clock Latency                                                ; Off                ;      ;    ;             ;
; Use TimeQuest Timing Analyzer                                       ; Off                ;      ;    ;             ;
; Minimum Core Junction Temperature                                   ; 0                  ;      ;    ;             ;
; Maximum Core Junction Temperature                                   ; 85                 ;      ;    ;             ;
; Number of source nodes to report per destination node               ; 10                 ;      ;    ;             ;
; Number of destination nodes to report                               ; 10                 ;      ;    ;             ;
; Number of paths to report                                           ; 200                ;      ;    ;             ;
; Report Minimum Timing Checks                                        ; Off                ;      ;    ;             ;
; Use Fast Timing Models                                              ; Off                ;      ;    ;             ;
; Report IO Paths Separately                                          ; Off                ;      ;    ;             ;
; Perform Multicorner Analysis                                        ; On                 ;      ;    ;             ;
; Reports the worst-case path for each clock domain and analysis      ; Off                ;      ;    ;             ;
; Removes common clock path pessimism (CCPP) during slack computation ; Off                ;      ;    ;             ;
; Output I/O Timing Endpoint                                          ; Near End           ;      ;    ;             ;
+---------------------------------------------------------------------+--------------------+------+----+-------------+


+------------------------------------------------------------------------------------------------------------------------------------------------------------------------------------+
; Clock Settings Summary                                                                                                                                                             ;
+-----------------+--------------------+----------+------------------+---------------+--------------+----------+-----------------------+---------------------+--------+--------------+
; Clock Node Name ; Clock Setting Name ; Type     ; Fmax Requirement ; Early Latency ; Late Latency ; Based on ; Multiply Base Fmax by ; Divide Base Fmax by ; Offset ; Phase offset ;
+-----------------+--------------------+----------+------------------+---------------+--------------+----------+-----------------------+---------------------+--------+--------------+
; clk             ;                    ; User Pin ; None             ; 0.000 ns      ; 0.000 ns     ; --       ; N/A                   ; N/A                 ; N/A    ;              ;
+-----------------+--------------------+----------+------------------+---------------+--------------+----------+-----------------------+---------------------+--------+--------------+


Parallel compilation was disabled, but you have multiple processors available. Enable parallel compilation to reduce compilation time.
+-------------------------------------+
; Parallel Compilation                ;
+----------------------------+--------+
; Processors                 ; Number ;
+----------------------------+--------+
; Number detected on machine ; 12     ;
; Maximum allowed            ; 1      ;
+----------------------------+--------+


+--------------------------------------------------------------------------------------------------------------------------------------------------------------------------------------+
; Clock Setup: 'clk'                                                                                                                                                                   ;
+-------+------------------------------------------------+--------+--------+------------+----------+-----------------------------+---------------------------+-------------------------+
; Slack ; Actual fmax (period)                           ; From   ; To     ; From Clock ; To Clock ; Required Setup Relationship ; Required Longest P2P Time ; Actual Longest P2P Time ;
+-------+------------------------------------------------+--------+--------+------------+----------+-----------------------------+---------------------------+-------------------------+
; N/A   ; Restricted to 340.02 MHz ( period = 2.941 ns ) ; c~reg0 ; c~reg0 ; clk        ; clk      ; None                        ; None                      ; 0.501 ns                ;
; N/A   ; Restricted to 340.02 MHz ( period = 2.941 ns ) ; z~reg0 ; z~reg0 ; clk        ; clk      ; None                        ; None                      ; 0.501 ns                ;
+-------+------------------------------------------------+--------+--------+------------+----------+-----------------------------+---------------------------+-------------------------+


+---------------------------------------------------------------+
; tsu                                                           ;
+-------+--------------+------------+-------+--------+----------+
; Slack ; Required tsu ; Actual tsu ; From  ; To     ; To Clock ;
+-------+--------------+------------+-------+--------+----------+
; N/A   ; None         ; 4.855 ns   ; cf    ; c~reg0 ; clk      ;
; N/A   ; None         ; 4.701 ns   ; cf_en ; c~reg0 ; clk      ;
; N/A   ; None         ; 0.435 ns   ; zf    ; z~reg0 ; clk      ;
; N/A   ; None         ; -0.107 ns  ; zf_en ; z~reg0 ; clk      ;
+-------+--------------+------------+-------+--------+----------+


+--------------------------------------------------------------+
; tco                                                          ;
+-------+--------------+------------+--------+----+------------+
; Slack ; Required tco ; Actual tco ; From   ; To ; From Clock ;
+-------+--------------+------------+--------+----+------------+
; N/A   ; None         ; 8.188 ns   ; z~reg0 ; z  ; clk        ;
; N/A   ; None         ; 7.085 ns   ; c~reg0 ; c  ; clk        ;
+-------+--------------+------------+--------+----+------------+


+---------------------------------------------------------------------+
; th                                                                  ;
+---------------+-------------+-----------+-------+--------+----------+
; Minimum Slack ; Required th ; Actual th ; From  ; To     ; To Clock ;
+---------------+-------------+-----------+-------+--------+----------+
; N/A           ; None        ; 0.373 ns  ; zf_en ; z~reg0 ; clk      ;
; N/A           ; None        ; -0.169 ns ; zf    ; z~reg0 ; clk      ;
; N/A           ; None        ; -4.435 ns ; cf_en ; c~reg0 ; clk      ;
; N/A           ; None        ; -4.589 ns ; cf    ; c~reg0 ; clk      ;
+---------------+-------------+-----------+-------+--------+----------+


+--------------------------+
; Timing Analyzer Messages ;
+--------------------------+
Info: *******************************************************************
Info: Running Quartus II Classic Timing Analyzer
    Info: Version 9.0 Build 184 04/29/2009 Service Pack 1 SJ Web Edition
    Info: Processing started: Sun Dec 19 16:36:58 2021
Info: Command: quartus_tan --read_settings_files=off --write_settings_files=off PSW -c PSW --timing_analysis_only
Warning: Found pins functioning as undefined clocks and/or memory enables
    Info: Assuming node "clk" is an undefined clock
Info: Clock "clk" Internal fmax is restricted to 340.02 MHz between source register "c~reg0" and destination register "c~reg0"
    Info: fmax restricted to clock pin edge rate 2.941 ns. Expand message to see actual delay path.
        Info: + Longest register to register delay is 0.501 ns
            Info: 1: + IC(0.000 ns) + CELL(0.000 ns) = 0.000 ns; Loc. = LCFF_X1_Y6_N17; Fanout = 2; REG Node = 'c~reg0'
            Info: 2: + IC(0.000 ns) + CELL(0.393 ns) = 0.393 ns; Loc. = LCCOMB_X1_Y6_N16; Fanout = 1; COMB Node = 'c~0'
            Info: 3: + IC(0.000 ns) + CELL(0.108 ns) = 0.501 ns; Loc. = LCFF_X1_Y6_N17; Fanout = 2; REG Node = 'c~reg0'
            Info: Total cell delay = 0.501 ns ( 100.00 % )
        Info: - Smallest clock skew is 0.000 ns
            Info: + Shortest clock path from clock "clk" to destination register is 2.721 ns
                Info: 1: + IC(0.000 ns) + CELL(1.100 ns) = 1.100 ns; Loc. = PIN_17; Fanout = 1; CLK Node = 'clk'
                Info: 2: + IC(0.143 ns) + CELL(0.000 ns) = 1.243 ns; Loc. = CLKCTRL_G2; Fanout = 2; COMB Node = 'clk~clkctrl'
                Info: 3: + IC(0.812 ns) + CELL(0.666 ns) = 2.721 ns; Loc. = LCFF_X1_Y6_N17; Fanout = 2; REG Node = 'c~reg0'
                Info: Total cell delay = 1.766 ns ( 64.90 % )
                Info: Total interconnect delay = 0.955 ns ( 35.10 % )
            Info: - Longest clock path from clock "clk" to source register is 2.721 ns
                Info: 1: + IC(0.000 ns) + CELL(1.100 ns) = 1.100 ns; Loc. = PIN_17; Fanout = 1; CLK Node = 'clk'
                Info: 2: + IC(0.143 ns) + CELL(0.000 ns) = 1.243 ns; Loc. = CLKCTRL_G2; Fanout = 2; COMB Node = 'clk~clkctrl'
                Info: 3: + IC(0.812 ns) + CELL(0.666 ns) = 2.721 ns; Loc. = LCFF_X1_Y6_N17; Fanout = 2; REG Node = 'c~reg0'
                Info: Total cell delay = 1.766 ns ( 64.90 % )
                Info: Total interconnect delay = 0.955 ns ( 35.10 % )
        Info: + Micro clock to output delay of source is 0.304 ns
        Info: + Micro setup delay of destination is -0.040 ns
Info: tsu for register "c~reg0" (data pin = "cf", clock pin = "clk") is 4.855 ns
    Info: + Longest pin to register delay is 7.616 ns
        Info: 1: + IC(0.000 ns) + CELL(0.945 ns) = 0.945 ns; Loc. = PIN_9; Fanout = 1; PIN Node = 'cf'
        Info: 2: + IC(5.939 ns) + CELL(0.624 ns) = 7.508 ns; Loc. = LCCOMB_X1_Y6_N16; Fanout = 1; COMB Node = 'c~0'
        Info: 3: + IC(0.000 ns) + CELL(0.108 ns) = 7.616 ns; Loc. = LCFF_X1_Y6_N17; Fanout = 2; REG Node = 'c~reg0'
        Info: Total cell delay = 1.677 ns ( 22.02 % )
        Info: Total interconnect delay = 5.939 ns ( 77.98 % )
    Info: + Micro setup delay of destination is -0.040 ns
    Info: - Shortest clock path from clock "clk" to destination register is 2.721 ns
        Info: 1: + IC(0.000 ns) + CELL(1.100 ns) = 1.100 ns; Loc. = PIN_17; Fanout = 1; CLK Node = 'clk'
        Info: 2: + IC(0.143 ns) + CELL(0.000 ns) = 1.243 ns; Loc. = CLKCTRL_G2; Fanout = 2; COMB Node = 'clk~clkctrl'
        Info: 3: + IC(0.812 ns) + CELL(0.666 ns) = 2.721 ns; Loc. = LCFF_X1_Y6_N17; Fanout = 2; REG Node = 'c~reg0'
        Info: Total cell delay = 1.766 ns ( 64.90 % )
        Info: Total interconnect delay = 0.955 ns ( 35.10 % )
Info: tco from clock "clk" to destination pin "z" through register "z~reg0" is 8.188 ns
    Info: + Longest clock path from clock "clk" to source register is 2.723 ns
        Info: 1: + IC(0.000 ns) + CELL(1.100 ns) = 1.100 ns; Loc. = PIN_17; Fanout = 1; CLK Node = 'clk'
        Info: 2: + IC(0.143 ns) + CELL(0.000 ns) = 1.243 ns; Loc. = CLKCTRL_G2; Fanout = 2; COMB Node = 'clk~clkctrl'
        Info: 3: + IC(0.814 ns) + CELL(0.666 ns) = 2.723 ns; Loc. = LCFF_X6_Y6_N17; Fanout = 2; REG Node = 'z~reg0'
        Info: Total cell delay = 1.766 ns ( 64.85 % )
        Info: Total interconnect delay = 0.957 ns ( 35.15 % )
    Info: + Micro clock to output delay of source is 0.304 ns
    Info: + Longest register to pin delay is 5.161 ns
        Info: 1: + IC(0.000 ns) + CELL(0.000 ns) = 0.000 ns; Loc. = LCFF_X6_Y6_N17; Fanout = 2; REG Node = 'z~reg0'
        Info: 2: + IC(2.105 ns) + CELL(3.056 ns) = 5.161 ns; Loc. = PIN_8; Fanout = 0; PIN Node = 'z'
        Info: Total cell delay = 3.056 ns ( 59.21 % )
        Info: Total interconnect delay = 2.105 ns ( 40.79 % )
Info: th for register "z~reg0" (data pin = "zf_en", clock pin = "clk") is 0.373 ns
    Info: + Longest clock path from clock "clk" to destination register is 2.723 ns
        Info: 1: + IC(0.000 ns) + CELL(1.100 ns) = 1.100 ns; Loc. = PIN_17; Fanout = 1; CLK Node = 'clk'
        Info: 2: + IC(0.143 ns) + CELL(0.000 ns) = 1.243 ns; Loc. = CLKCTRL_G2; Fanout = 2; COMB Node = 'clk~clkctrl'
        Info: 3: + IC(0.814 ns) + CELL(0.666 ns) = 2.723 ns; Loc. = LCFF_X6_Y6_N17; Fanout = 2; REG Node = 'z~reg0'
        Info: Total cell delay = 1.766 ns ( 64.85 % )
        Info: Total interconnect delay = 0.957 ns ( 35.15 % )
    Info: + Micro hold delay of destination is 0.306 ns
    Info: - Shortest pin to register delay is 2.656 ns
        Info: 1: + IC(0.000 ns) + CELL(1.100 ns) = 1.100 ns; Loc. = PIN_21; Fanout = 1; PIN Node = 'zf_en'
        Info: 2: + IC(1.242 ns) + CELL(0.206 ns) = 2.548 ns; Loc. = LCCOMB_X6_Y6_N16; Fanout = 1; COMB Node = 'z~0'
        Info: 3: + IC(0.000 ns) + CELL(0.108 ns) = 2.656 ns; Loc. = LCFF_X6_Y6_N17; Fanout = 2; REG Node = 'z~reg0'
        Info: Total cell delay = 1.414 ns ( 53.24 % )
        Info: Total interconnect delay = 1.242 ns ( 46.76 % )
Info: Quartus II Classic Timing Analyzer was successful. 0 errors, 1 warning
    Info: Peak virtual memory: 178 megabytes
    Info: Processing ended: Sun Dec 19 16:36:59 2021
    Info: Elapsed time: 00:00:01
    Info: Total CPU time (on all processors): 00:00:00


