Classic Timing Analyzer report for IR
Wed Dec 29 18:10:00 2021
Quartus II Version 9.0 Build 184 04/29/2009 Service Pack 1 SJ Web Edition


---------------------
; Table of Contents ;
---------------------
  1. Legal Notice
  2. Timing Analyzer Summary
  3. Timing Analyzer Settings
  4. Clock Settings Summary
  5. Parallel Compilation
  6. tsu
  7. tco
  8. th
  9. Timing Analyzer Messages



----------------
; Legal Notice ;
----------------
Copyright (C) 1991-2009 Altera Corporation
Your use of Altera Corporation's design tools, logic functions 
and other software and tools, and its AMPP partner logic 
functions, and any output files from any of the foregoing 
(including device programming or simulation files), and any 
associated documentation or information are expressly subject 
to the terms and conditions of the Altera Program License 
Subscription Agreement, Altera MegaCore Function License 
Agreement, or other applicable license agreement, including, 
without limitation, that your use is for the sole purpose of 
programming logic devices manufactured by Altera and sold by 
Altera or its authorized distributors.  Please refer to the 
applicable agreement for further details.



+-------------------------------------------------------------------------------------------------------------------------------------+
; Timing Analyzer Summary                                                                                                             ;
+------------------------------+-------+---------------+-------------+------------+------------+------------+----------+--------------+
; Type                         ; Slack ; Required Time ; Actual Time ; From       ; To         ; From Clock ; To Clock ; Failed Paths ;
+------------------------------+-------+---------------+-------------+------------+------------+------------+----------+--------------+
; Worst-case tsu               ; N/A   ; None          ; 5.176 ns    ; ir_ld      ; ir[7]~reg0 ; --         ; clk      ; 0            ;
; Worst-case tco               ; N/A   ; None          ; 9.285 ns    ; ir[5]~reg0 ; ir[5]      ; clk        ; --       ; 0            ;
; Worst-case th                ; N/A   ; None          ; 0.147 ns    ; d[6]       ; ir[6]~reg0 ; --         ; clk      ; 0            ;
; Total number of failed paths ;       ;               ;             ;            ;            ;            ;          ; 0            ;
+------------------------------+-------+---------------+-------------+------------+------------+------------+----------+--------------+


+--------------------------------------------------------------------------------------------------------------------+
; Timing Analyzer Settings                                                                                           ;
+---------------------------------------------------------------------+--------------------+------+----+-------------+
; Option                                                              ; Setting            ; From ; To ; Entity Name ;
+---------------------------------------------------------------------+--------------------+------+----+-------------+
; Device Name                                                         ; EP2C5T144C8        ;      ;    ;             ;
; Timing Models                                                       ; Final              ;      ;    ;             ;
; Default hold multicycle                                             ; Same as Multicycle ;      ;    ;             ;
; Cut paths between unrelated clock domains                           ; On                 ;      ;    ;             ;
; Cut off read during write signal paths                              ; On                 ;      ;    ;             ;
; Cut off feedback from I/O pins                                      ; On                 ;      ;    ;             ;
; Report Combined Fast/Slow Timing                                    ; Off                ;      ;    ;             ;
; Ignore Clock Settings                                               ; Off                ;      ;    ;             ;
; Analyze latches as synchronous elements                             ; On                 ;      ;    ;             ;
; Enable Recovery/Removal analysis                                    ; Off                ;      ;    ;             ;
; Enable Clock Latency                                                ; Off                ;      ;    ;             ;
; Use TimeQuest Timing Analyzer                                       ; Off                ;      ;    ;             ;
; Minimum Core Junction Temperature                                   ; 0                  ;      ;    ;             ;
; Maximum Core Junction Temperature                                   ; 85                 ;      ;    ;             ;
; Number of source nodes to report per destination node               ; 10                 ;      ;    ;             ;
; Number of destination nodes to report                               ; 10                 ;      ;    ;             ;
; Number of paths to report                                           ; 200                ;      ;    ;             ;
; Report Minimum Timing Checks                                        ; Off                ;      ;    ;             ;
; Use Fast Timing Models                                              ; Off                ;      ;    ;             ;
; Report IO Paths Separately                                          ; Off                ;      ;    ;             ;
; Perform Multicorner Analysis                                        ; On                 ;      ;    ;             ;
; Reports the worst-case path for each clock domain and analysis      ; Off                ;      ;    ;             ;
; Removes common clock path pessimism (CCPP) during slack computation ; Off                ;      ;    ;             ;
; Output I/O Timing Endpoint                                          ; Near End           ;      ;    ;             ;
+---------------------------------------------------------------------+--------------------+------+----+-------------+


+------------------------------------------------------------------------------------------------------------------------------------------------------------------------------------+
; Clock Settings Summary                                                                                                                                                             ;
+-----------------+--------------------+----------+------------------+---------------+--------------+----------+-----------------------+---------------------+--------+--------------+
; Clock Node Name ; Clock Setting Name ; Type     ; Fmax Requirement ; Early Latency ; Late Latency ; Based on ; Multiply Base Fmax by ; Divide Base Fmax by ; Offset ; Phase offset ;
+-----------------+--------------------+----------+------------------+---------------+--------------+----------+-----------------------+---------------------+--------+--------------+
; clk             ;                    ; User Pin ; None             ; 0.000 ns      ; 0.000 ns     ; --       ; N/A                   ; N/A                 ; N/A    ;              ;
+-----------------+--------------------+----------+------------------+---------------+--------------+----------+-----------------------+---------------------+--------+--------------+


Parallel compilation was disabled, but you have multiple processors available. Enable parallel compilation to reduce compilation time.
+-------------------------------------+
; Parallel Compilation                ;
+----------------------------+--------+
; Processors                 ; Number ;
+----------------------------+--------+
; Number detected on machine ; 12     ;
; Maximum allowed            ; 1      ;
+----------------------------+--------+


+-------------------------------------------------------------------+
; tsu                                                               ;
+-------+--------------+------------+-------+------------+----------+
; Slack ; Required tsu ; Actual tsu ; From  ; To         ; To Clock ;
+-------+--------------+------------+-------+------------+----------+
; N/A   ; None         ; 5.176 ns   ; ir_ld ; ir[0]~reg0 ; clk      ;
; N/A   ; None         ; 5.176 ns   ; ir_ld ; ir[1]~reg0 ; clk      ;
; N/A   ; None         ; 5.176 ns   ; ir_ld ; ir[2]~reg0 ; clk      ;
; N/A   ; None         ; 5.176 ns   ; ir_ld ; ir[3]~reg0 ; clk      ;
; N/A   ; None         ; 5.176 ns   ; ir_ld ; ir[4]~reg0 ; clk      ;
; N/A   ; None         ; 5.176 ns   ; ir_ld ; ir[5]~reg0 ; clk      ;
; N/A   ; None         ; 5.176 ns   ; ir_ld ; ir[6]~reg0 ; clk      ;
; N/A   ; None         ; 5.176 ns   ; ir_ld ; ir[7]~reg0 ; clk      ;
; N/A   ; None         ; 4.832 ns   ; d[0]  ; ir[0]~reg0 ; clk      ;
; N/A   ; None         ; 4.821 ns   ; d[3]  ; ir[3]~reg0 ; clk      ;
; N/A   ; None         ; 4.727 ns   ; d[2]  ; ir[2]~reg0 ; clk      ;
; N/A   ; None         ; 4.678 ns   ; d[4]  ; ir[4]~reg0 ; clk      ;
; N/A   ; None         ; 4.638 ns   ; d[5]  ; ir[5]~reg0 ; clk      ;
; N/A   ; None         ; 4.599 ns   ; d[1]  ; ir[1]~reg0 ; clk      ;
; N/A   ; None         ; 0.127 ns   ; d[7]  ; ir[7]~reg0 ; clk      ;
; N/A   ; None         ; 0.119 ns   ; d[6]  ; ir[6]~reg0 ; clk      ;
+-------+--------------+------------+-------+------------+----------+


+---------------------------------------------------------------------+
; tco                                                                 ;
+-------+--------------+------------+------------+-------+------------+
; Slack ; Required tco ; Actual tco ; From       ; To    ; From Clock ;
+-------+--------------+------------+------------+-------+------------+
; N/A   ; None         ; 9.285 ns   ; ir[5]~reg0 ; ir[5] ; clk        ;
; N/A   ; None         ; 8.867 ns   ; ir[2]~reg0 ; ir[2] ; clk        ;
; N/A   ; None         ; 8.706 ns   ; ir[6]~reg0 ; ir[6] ; clk        ;
; N/A   ; None         ; 8.598 ns   ; ir[4]~reg0 ; ir[4] ; clk        ;
; N/A   ; None         ; 8.470 ns   ; ir[3]~reg0 ; ir[3] ; clk        ;
; N/A   ; None         ; 8.020 ns   ; ir[1]~reg0 ; ir[1] ; clk        ;
; N/A   ; None         ; 7.648 ns   ; ir[7]~reg0 ; ir[7] ; clk        ;
; N/A   ; None         ; 7.290 ns   ; ir[0]~reg0 ; ir[0] ; clk        ;
+-------+--------------+------------+------------+-------+------------+


+-------------------------------------------------------------------------+
; th                                                                      ;
+---------------+-------------+-----------+-------+------------+----------+
; Minimum Slack ; Required th ; Actual th ; From  ; To         ; To Clock ;
+---------------+-------------+-----------+-------+------------+----------+
; N/A           ; None        ; 0.147 ns  ; d[6]  ; ir[6]~reg0 ; clk      ;
; N/A           ; None        ; 0.139 ns  ; d[7]  ; ir[7]~reg0 ; clk      ;
; N/A           ; None        ; -4.333 ns ; d[1]  ; ir[1]~reg0 ; clk      ;
; N/A           ; None        ; -4.372 ns ; d[5]  ; ir[5]~reg0 ; clk      ;
; N/A           ; None        ; -4.412 ns ; d[4]  ; ir[4]~reg0 ; clk      ;
; N/A           ; None        ; -4.461 ns ; d[2]  ; ir[2]~reg0 ; clk      ;
; N/A           ; None        ; -4.555 ns ; d[3]  ; ir[3]~reg0 ; clk      ;
; N/A           ; None        ; -4.566 ns ; d[0]  ; ir[0]~reg0 ; clk      ;
; N/A           ; None        ; -4.910 ns ; ir_ld ; ir[0]~reg0 ; clk      ;
; N/A           ; None        ; -4.910 ns ; ir_ld ; ir[1]~reg0 ; clk      ;
; N/A           ; None        ; -4.910 ns ; ir_ld ; ir[2]~reg0 ; clk      ;
; N/A           ; None        ; -4.910 ns ; ir_ld ; ir[3]~reg0 ; clk      ;
; N/A           ; None        ; -4.910 ns ; ir_ld ; ir[4]~reg0 ; clk      ;
; N/A           ; None        ; -4.910 ns ; ir_ld ; ir[5]~reg0 ; clk      ;
; N/A           ; None        ; -4.910 ns ; ir_ld ; ir[6]~reg0 ; clk      ;
; N/A           ; None        ; -4.910 ns ; ir_ld ; ir[7]~reg0 ; clk      ;
+---------------+-------------+-----------+-------+------------+----------+


+--------------------------+
; Timing Analyzer Messages ;
+--------------------------+
Info: *******************************************************************
Info: Running Quartus II Classic Timing Analyzer
    Info: Version 9.0 Build 184 04/29/2009 Service Pack 1 SJ Web Edition
    Info: Processing started: Wed Dec 29 18:10:00 2021
Info: Command: quartus_tan --read_settings_files=off --write_settings_files=off IR -c IR --timing_analysis_only
Warning: Found pins functioning as undefined clocks and/or memory enables
    Info: Assuming node "clk" is an undefined clock
Info: No valid register-to-register data paths exist for clock "clk"
Info: tsu for register "ir[0]~reg0" (data pin = "ir_ld", clock pin = "clk") is 5.176 ns
    Info: + Longest pin to register delay is 7.963 ns
        Info: 1: + IC(0.000 ns) + CELL(0.965 ns) = 0.965 ns; Loc. = PIN_74; Fanout = 8; PIN Node = 'ir_ld'
        Info: 2: + IC(6.143 ns) + CELL(0.855 ns) = 7.963 ns; Loc. = LCFF_X20_Y4_N9; Fanout = 1; REG Node = 'ir[0]~reg0'
        Info: Total cell delay = 1.820 ns ( 22.86 % )
        Info: Total interconnect delay = 6.143 ns ( 77.14 % )
    Info: + Micro setup delay of destination is -0.040 ns
    Info: - Shortest clock path from clock "clk" to destination register is 2.747 ns
        Info: 1: + IC(0.000 ns) + CELL(1.100 ns) = 1.100 ns; Loc. = PIN_17; Fanout = 1; CLK Node = 'clk'
        Info: 2: + IC(0.143 ns) + CELL(0.000 ns) = 1.243 ns; Loc. = CLKCTRL_G2; Fanout = 8; COMB Node = 'clk~clkctrl'
        Info: 3: + IC(0.838 ns) + CELL(0.666 ns) = 2.747 ns; Loc. = LCFF_X20_Y4_N9; Fanout = 1; REG Node = 'ir[0]~reg0'
        Info: Total cell delay = 1.766 ns ( 64.29 % )
        Info: Total interconnect delay = 0.981 ns ( 35.71 % )
Info: tco from clock "clk" to destination pin "ir[5]" through register "ir[5]~reg0" is 9.285 ns
    Info: + Longest clock path from clock "clk" to source register is 2.747 ns
        Info: 1: + IC(0.000 ns) + CELL(1.100 ns) = 1.100 ns; Loc. = PIN_17; Fanout = 1; CLK Node = 'clk'
        Info: 2: + IC(0.143 ns) + CELL(0.000 ns) = 1.243 ns; Loc. = CLKCTRL_G2; Fanout = 8; COMB Node = 'clk~clkctrl'
        Info: 3: + IC(0.838 ns) + CELL(0.666 ns) = 2.747 ns; Loc. = LCFF_X20_Y4_N11; Fanout = 1; REG Node = 'ir[5]~reg0'
        Info: Total cell delay = 1.766 ns ( 64.29 % )
        Info: Total interconnect delay = 0.981 ns ( 35.71 % )
    Info: + Micro clock to output delay of source is 0.304 ns
    Info: + Longest register to pin delay is 6.234 ns
        Info: 1: + IC(0.000 ns) + CELL(0.000 ns) = 0.000 ns; Loc. = LCFF_X20_Y4_N11; Fanout = 1; REG Node = 'ir[5]~reg0'
        Info: 2: + IC(3.178 ns) + CELL(3.056 ns) = 6.234 ns; Loc. = PIN_9; Fanout = 0; PIN Node = 'ir[5]'
        Info: Total cell delay = 3.056 ns ( 49.02 % )
        Info: Total interconnect delay = 3.178 ns ( 50.98 % )
Info: th for register "ir[6]~reg0" (data pin = "d[6]", clock pin = "clk") is 0.147 ns
    Info: + Longest clock path from clock "clk" to destination register is 2.747 ns
        Info: 1: + IC(0.000 ns) + CELL(1.100 ns) = 1.100 ns; Loc. = PIN_17; Fanout = 1; CLK Node = 'clk'
        Info: 2: + IC(0.143 ns) + CELL(0.000 ns) = 1.243 ns; Loc. = CLKCTRL_G2; Fanout = 8; COMB Node = 'clk~clkctrl'
        Info: 3: + IC(0.838 ns) + CELL(0.666 ns) = 2.747 ns; Loc. = LCFF_X20_Y4_N13; Fanout = 1; REG Node = 'ir[6]~reg0'
        Info: Total cell delay = 1.766 ns ( 64.29 % )
        Info: Total interconnect delay = 0.981 ns ( 35.71 % )
    Info: + Micro hold delay of destination is 0.306 ns
    Info: - Shortest pin to register delay is 2.906 ns
        Info: 1: + IC(0.000 ns) + CELL(1.110 ns) = 1.110 ns; Loc. = PIN_88; Fanout = 1; PIN Node = 'd[6]'
        Info: 2: + IC(1.482 ns) + CELL(0.206 ns) = 2.798 ns; Loc. = LCCOMB_X20_Y4_N12; Fanout = 1; COMB Node = 'ir[6]~reg0feeder'
        Info: 3: + IC(0.000 ns) + CELL(0.108 ns) = 2.906 ns; Loc. = LCFF_X20_Y4_N13; Fanout = 1; REG Node = 'ir[6]~reg0'
        Info: Total cell delay = 1.424 ns ( 49.00 % )
        Info: Total interconnect delay = 1.482 ns ( 51.00 % )
Info: Quartus II Classic Timing Analyzer was successful. 0 errors, 1 warning
    Info: Peak virtual memory: 178 megabytes
    Info: Processing ended: Wed Dec 29 18:10:00 2021
    Info: Elapsed time: 00:00:00
    Info: Total CPU time (on all processors): 00:00:00


