Flow report for control_signal_logic
Sun Jan 02 13:11:14 2022
Quartus II Version 9.0 Build 184 04/29/2009 Service Pack 1.11 SJ Web Edition


---------------------
; Table of Contents ;
---------------------
  1. Legal Notice
  2. Flow Summary
  3. Flow Settings
  4. Flow Non-Default Global Settings
  5. Flow Elapsed Time
  6. Flow OS Summary
  7. Flow Log



----------------
; Legal Notice ;
----------------
Copyright (C) 1991-2009 Altera Corporation
Your use of Altera Corporation's design tools, logic functions 
and other software and tools, and its AMPP partner logic 
functions, and any output files from any of the foregoing 
(including device programming or simulation files), and any 
associated documentation or information are expressly subject 
to the terms and conditions of the Altera Program License 
Subscription Agreement, Altera MegaCore Function License 
Agreement, or other applicable license agreement, including, 
without limitation, that your use is for the sole purpose of 
programming logic devices manufactured by Altera and sold by 
Altera or its authorized distributors.  Please refer to the 
applicable agreement for further details.



+---------------------------------------------------------------------------+
; Flow Summary                                                              ;
+-------------------------+-------------------------------------------------+
; Flow Status             ; Successful - Sun Jan 02 13:11:14 2022           ;
; Quartus II Version      ; 9.0 Build 184 04/29/2009 SP 1.11 SJ Web Edition ;
; Revision Name           ; control_signal_logic                            ;
; Top-level Entity Name   ; control_signal_logic                            ;
; Family                  ; FLEX10K                                         ;
; Device                  ; EPF10K10TI144-4                                 ;
; Timing Models           ; Final                                           ;
; Met timing requirements ; Yes                                             ;
; Total logic elements    ; 29 / 576 ( 5 % )                                ;
; Total pins              ; 52 / 102 ( 51 % )                               ;
; Total memory bits       ; 0 / 6,144 ( 0 % )                               ;
+-------------------------+-------------------------------------------------+


+------------------------------------------+
; Flow Settings                            ;
+-------------------+----------------------+
; Option            ; Setting              ;
+-------------------+----------------------+
; Start date & time ; 01/02/2022 13:11:11  ;
; Main task         ; Compilation          ;
; Revision Name     ; control_signal_logic ;
+-------------------+----------------------+


+------------------------------------------------------------------------------------------------------------------+
; Flow Non-Default Global Settings                                                                                 ;
+------------------------------------+------------------------------+---------------+-------------+----------------+
; Assignment Name                    ; Value                        ; Default Value ; Entity Name ; Section Id     ;
+------------------------------------+------------------------------+---------------+-------------+----------------+
; COMPILER_SIGNATURE_ID              ; 186425016859.164110027109504 ; --            ; --          ; --             ;
; MAX_CORE_JUNCTION_TEMP             ; 85                           ; --            ; --          ; --             ;
; MIN_CORE_JUNCTION_TEMP             ; 0                            ; --            ; --          ; --             ;
; USE_GENERATED_PHYSICAL_CONSTRAINTS ; Off                          ; --            ; --          ; eda_blast_fpga ;
+------------------------------------+------------------------------+---------------+-------------+----------------+


+-----------------------------------------------------------------------------------------------------------------------------+
; Flow Elapsed Time                                                                                                           ;
+-------------------------+--------------+-------------------------+---------------------+------------------------------------+
; Module Name             ; Elapsed Time ; Average Processors Used ; Peak Virtual Memory ; Total CPU Time (on all processors) ;
+-------------------------+--------------+-------------------------+---------------------+------------------------------------+
; Analysis & Synthesis    ; 00:00:00     ; 1.0                     ; 217 MB              ; 00:00:00                           ;
; Fitter                  ; 00:00:00     ; 1.0                     ; 198 MB              ; 00:00:00                           ;
; Assembler               ; 00:00:00     ; 1.0                     ; 190 MB              ; 00:00:00                           ;
; Classic Timing Analyzer ; 00:00:00     ; 1.0                     ; 161 MB              ; 00:00:00                           ;
; Total                   ; 00:00:00     ; --                      ; --                  ; 00:00:00                           ;
+-------------------------+--------------+-------------------------+---------------------+------------------------------------+


+------------------------------------------------------------------------------------------+
; Flow OS Summary                                                                          ;
+-------------------------+------------------+---------------+------------+----------------+
; Module Name             ; Machine Hostname ; OS Name       ; OS Version ; Processor type ;
+-------------------------+------------------+---------------+------------+----------------+
; Analysis & Synthesis    ; LAPTOP-AV4S1V4O  ; Windows Vista ; 6.2        ; x86_64         ;
; Fitter                  ; LAPTOP-AV4S1V4O  ; Windows Vista ; 6.2        ; x86_64         ;
; Assembler               ; LAPTOP-AV4S1V4O  ; Windows Vista ; 6.2        ; x86_64         ;
; Classic Timing Analyzer ; LAPTOP-AV4S1V4O  ; Windows Vista ; 6.2        ; x86_64         ;
+-------------------------+------------------+---------------+------------+----------------+


------------
; Flow Log ;
------------
quartus_map --read_settings_files=on --write_settings_files=off control_signal_logic -c control_signal_logic
quartus_fit --read_settings_files=off --write_settings_files=off control_signal_logic -c control_signal_logic
quartus_asm --read_settings_files=off --write_settings_files=off control_signal_logic -c control_signal_logic
quartus_tan --read_settings_files=off --write_settings_files=off control_signal_logic -c control_signal_logic



