Classic Timing Analyzer report for _3_1mux
Wed Dec 29 17:43:21 2021
Quartus II Version 9.0 Build 184 04/29/2009 Service Pack 1 SJ Web Edition


---------------------
; Table of Contents ;
---------------------
  1. Legal Notice
  2. Timing Analyzer Summary
  3. Timing Analyzer Settings
  4. Parallel Compilation
  5. tpd
  6. Timing Analyzer Messages



----------------
; Legal Notice ;
----------------
Copyright (C) 1991-2009 Altera Corporation
Your use of Altera Corporation's design tools, logic functions 
and other software and tools, and its AMPP partner logic 
functions, and any output files from any of the foregoing 
(including device programming or simulation files), and any 
associated documentation or information are expressly subject 
to the terms and conditions of the Altera Program License 
Subscription Agreement, Altera MegaCore Function License 
Agreement, or other applicable license agreement, including, 
without limitation, that your use is for the sole purpose of 
programming logic devices manufactured by Altera and sold by 
Altera or its authorized distributors.  Please refer to the 
applicable agreement for further details.



+-------------------------------------------------------------------------------------------------------------------------+
; Timing Analyzer Summary                                                                                                 ;
+------------------------------+-------+---------------+-------------+------+------+------------+----------+--------------+
; Type                         ; Slack ; Required Time ; Actual Time ; From ; To   ; From Clock ; To Clock ; Failed Paths ;
+------------------------------+-------+---------------+-------------+------+------+------------+----------+--------------+
; Worst-case tpd               ; N/A   ; None          ; 13.772 ns   ; b[7] ; y[7] ; --         ; --       ; 0            ;
; Total number of failed paths ;       ;               ;             ;      ;      ;            ;          ; 0            ;
+------------------------------+-------+---------------+-------------+------+------+------------+----------+--------------+


+--------------------------------------------------------------------------------------------------------------------+
; Timing Analyzer Settings                                                                                           ;
+---------------------------------------------------------------------+--------------------+------+----+-------------+
; Option                                                              ; Setting            ; From ; To ; Entity Name ;
+---------------------------------------------------------------------+--------------------+------+----+-------------+
; Device Name                                                         ; EP2C5T144C8        ;      ;    ;             ;
; Timing Models                                                       ; Final              ;      ;    ;             ;
; Default hold multicycle                                             ; Same as Multicycle ;      ;    ;             ;
; Cut paths between unrelated clock domains                           ; On                 ;      ;    ;             ;
; Cut off read during write signal paths                              ; On                 ;      ;    ;             ;
; Cut off feedback from I/O pins                                      ; On                 ;      ;    ;             ;
; Report Combined Fast/Slow Timing                                    ; Off                ;      ;    ;             ;
; Ignore Clock Settings                                               ; Off                ;      ;    ;             ;
; Analyze latches as synchronous elements                             ; On                 ;      ;    ;             ;
; Enable Recovery/Removal analysis                                    ; Off                ;      ;    ;             ;
; Enable Clock Latency                                                ; Off                ;      ;    ;             ;
; Use TimeQuest Timing Analyzer                                       ; Off                ;      ;    ;             ;
; Minimum Core Junction Temperature                                   ; 0                  ;      ;    ;             ;
; Maximum Core Junction Temperature                                   ; 85                 ;      ;    ;             ;
; Number of source nodes to report per destination node               ; 10                 ;      ;    ;             ;
; Number of destination nodes to report                               ; 10                 ;      ;    ;             ;
; Number of paths to report                                           ; 200                ;      ;    ;             ;
; Report Minimum Timing Checks                                        ; Off                ;      ;    ;             ;
; Use Fast Timing Models                                              ; Off                ;      ;    ;             ;
; Report IO Paths Separately                                          ; Off                ;      ;    ;             ;
; Perform Multicorner Analysis                                        ; On                 ;      ;    ;             ;
; Reports the worst-case path for each clock domain and analysis      ; Off                ;      ;    ;             ;
; Removes common clock path pessimism (CCPP) during slack computation ; Off                ;      ;    ;             ;
; Output I/O Timing Endpoint                                          ; Near End           ;      ;    ;             ;
+---------------------------------------------------------------------+--------------------+------+----+-------------+


Parallel compilation was disabled, but you have multiple processors available. Enable parallel compilation to reduce compilation time.
+-------------------------------------+
; Parallel Compilation                ;
+----------------------------+--------+
; Processors                 ; Number ;
+----------------------------+--------+
; Number detected on machine ; 12     ;
; Maximum allowed            ; 1      ;
+----------------------------+--------+


+--------------------------------------------------------------+
; tpd                                                          ;
+-------+-------------------+-----------------+---------+------+
; Slack ; Required P2P Time ; Actual P2P Time ; From    ; To   ;
+-------+-------------------+-----------------+---------+------+
; N/A   ; None              ; 13.772 ns       ; b[7]    ; y[7] ;
; N/A   ; None              ; 13.682 ns       ; a[7]    ; y[7] ;
; N/A   ; None              ; 13.531 ns       ; a[2]    ; y[2] ;
; N/A   ; None              ; 13.354 ns       ; b[1]    ; y[1] ;
; N/A   ; None              ; 13.152 ns       ; c[2]    ; y[2] ;
; N/A   ; None              ; 12.997 ns       ; b[2]    ; y[2] ;
; N/A   ; None              ; 12.808 ns       ; MADD[1] ; y[1] ;
; N/A   ; None              ; 12.686 ns       ; MADD[1] ; y[7] ;
; N/A   ; None              ; 12.679 ns       ; b[3]    ; y[3] ;
; N/A   ; None              ; 12.675 ns       ; a[1]    ; y[1] ;
; N/A   ; None              ; 12.592 ns       ; a[4]    ; y[4] ;
; N/A   ; None              ; 12.591 ns       ; a[3]    ; y[3] ;
; N/A   ; None              ; 12.518 ns       ; b[5]    ; y[5] ;
; N/A   ; None              ; 12.440 ns       ; b[4]    ; y[4] ;
; N/A   ; None              ; 12.387 ns       ; MADD[1] ; y[6] ;
; N/A   ; None              ; 12.382 ns       ; a[5]    ; y[5] ;
; N/A   ; None              ; 12.365 ns       ; MADD[1] ; y[5] ;
; N/A   ; None              ; 12.347 ns       ; MADD[1] ; y[2] ;
; N/A   ; None              ; 12.328 ns       ; MADD[1] ; y[0] ;
; N/A   ; None              ; 12.229 ns       ; a[6]    ; y[6] ;
; N/A   ; None              ; 12.085 ns       ; MADD[1] ; y[3] ;
; N/A   ; None              ; 12.059 ns       ; c[3]    ; y[3] ;
; N/A   ; None              ; 11.911 ns       ; c[5]    ; y[5] ;
; N/A   ; None              ; 11.863 ns       ; b[6]    ; y[6] ;
; N/A   ; None              ; 11.784 ns       ; c[6]    ; y[6] ;
; N/A   ; None              ; 11.752 ns       ; c[1]    ; y[1] ;
; N/A   ; None              ; 11.672 ns       ; c[7]    ; y[7] ;
; N/A   ; None              ; 11.625 ns       ; MADD[1] ; y[4] ;
; N/A   ; None              ; 10.906 ns       ; c[4]    ; y[4] ;
; N/A   ; None              ; 8.750 ns        ; MADD[0] ; y[7] ;
; N/A   ; None              ; 8.679 ns        ; MADD[0] ; y[2] ;
; N/A   ; None              ; 8.352 ns        ; MADD[0] ; y[1] ;
; N/A   ; None              ; 8.262 ns        ; b[0]    ; y[0] ;
; N/A   ; None              ; 8.197 ns        ; a[0]    ; y[0] ;
; N/A   ; None              ; 8.129 ns        ; MADD[0] ; y[5] ;
; N/A   ; None              ; 8.103 ns        ; MADD[0] ; y[0] ;
; N/A   ; None              ; 7.933 ns        ; MADD[0] ; y[6] ;
; N/A   ; None              ; 7.692 ns        ; MADD[0] ; y[4] ;
; N/A   ; None              ; 7.613 ns        ; MADD[0] ; y[3] ;
; N/A   ; None              ; 7.051 ns        ; c[0]    ; y[0] ;
+-------+-------------------+-----------------+---------+------+


+--------------------------+
; Timing Analyzer Messages ;
+--------------------------+
Info: *******************************************************************
Info: Running Quartus II Classic Timing Analyzer
    Info: Version 9.0 Build 184 04/29/2009 Service Pack 1 SJ Web Edition
    Info: Processing started: Wed Dec 29 17:43:20 2021
Info: Command: quartus_tan --read_settings_files=off --write_settings_files=off _3_1mux -c _3_1mux --timing_analysis_only
Info: Longest tpd from source pin "b[7]" to destination pin "y[7]" is 13.772 ns
    Info: 1: + IC(0.000 ns) + CELL(0.944 ns) = 0.944 ns; Loc. = PIN_134; Fanout = 1; PIN Node = 'b[7]'
    Info: 2: + IC(6.396 ns) + CELL(0.624 ns) = 7.964 ns; Loc. = LCCOMB_X1_Y13_N20; Fanout = 1; COMB Node = 'Mux0~0'
    Info: 3: + IC(0.399 ns) + CELL(0.651 ns) = 9.014 ns; Loc. = LCCOMB_X1_Y13_N6; Fanout = 1; COMB Node = 'Mux0~1'
    Info: 4: + IC(1.522 ns) + CELL(3.236 ns) = 13.772 ns; Loc. = PIN_133; Fanout = 0; PIN Node = 'y[7]'
    Info: Total cell delay = 5.455 ns ( 39.61 % )
    Info: Total interconnect delay = 8.317 ns ( 60.39 % )
Info: Quartus II Classic Timing Analyzer was successful. 0 errors, 0 warnings
    Info: Peak virtual memory: 178 megabytes
    Info: Processing ended: Wed Dec 29 17:43:21 2021
    Info: Elapsed time: 00:00:01
    Info: Total CPU time (on all processors): 00:00:00


